<?xml version="1.0" encoding="UTF-8"?>
<coverage generated="1567423965392" clover="3.2.0">
  <project timestamp="1567423965393" name="All files">
    <metrics statements="26" coveredstatements="20" conditionals="2" coveredconditionals="2" methods="10" coveredmethods="7" elements="38" coveredelements="29" complexity="0" loc="26" ncloc="26" packages="4" files="6" classes="6">
      <package name="app.components">
        <metrics statements="8" coveredstatements="8" conditionals="0" coveredconditionals="0" methods="3" coveredmethods="3"/>
        <file name="Header.js" path="/Users/juliananderson/next.js-poc/app/components/Header.js">
          <metrics statements="3" coveredstatements="3" conditionals="0" coveredconditionals="0" methods="1" coveredmethods="1"/>
          <line num="3" count="3" type="stmt"/>
          <line num="7" count="3" type="stmt"/>
          <line num="8" count="4" type="stmt"/>
        </file>
        <file name="Layout.js" path="/Users/juliananderson/next.js-poc/app/components/Layout.js">
          <metrics statements="3" coveredstatements="3" conditionals="0" coveredconditionals="0" methods="1" coveredmethods="1"/>
          <line num="3" count="2" type="stmt"/>
          <line num="9" count="2" type="stmt"/>
          <line num="10" count="1" type="stmt"/>
        </file>
        <file name="PostLink.js" path="/Users/juliananderson/next.js-poc/app/components/PostLink.js">
          <metrics statements="2" coveredstatements="2" conditionals="0" coveredconditionals="0" methods="1" coveredmethods="1"/>
          <line num="3" count="2" type="stmt"/>
          <line num="4" count="2" type="stmt"/>
        </file>
      </package>
      <package name="app.remote-apis">
        <metrics statements="4" coveredstatements="0" conditionals="0" coveredconditionals="0" methods="2" coveredmethods="0"/>
        <file name="movie.js" path="/Users/juliananderson/next.js-poc/app/remote-apis/movie.js">
          <metrics statements="4" coveredstatements="0" conditionals="0" coveredconditionals="0" methods="2" coveredmethods="0"/>
          <line num="4" count="0" type="stmt"/>
          <line num="5" count="0" type="stmt"/>
          <line num="9" count="0" type="stmt"/>
          <line num="10" count="0" type="stmt"/>
        </file>
      </package>
      <package name="pages">
        <metrics statements="6" coveredstatements="4" conditionals="2" coveredconditionals="2" methods="3" coveredmethods="2"/>
        <file name="index.js" path="/Users/juliananderson/next.js-poc/pages/index.js">
          <metrics statements="6" coveredstatements="4" conditionals="2" coveredconditionals="2" methods="3" coveredmethods="2"/>
          <line num="5" count="2" type="stmt"/>
          <line num="6" count="3" type="stmt"/>
          <line num="10" count="6" type="stmt"/>
          <line num="16" count="2" type="stmt"/>
          <line num="17" count="0" type="stmt"/>
          <line num="18" count="0" type="stmt"/>
        </file>
      </package>
      <package name="stories">
        <metrics statements="8" coveredstatements="8" conditionals="0" coveredconditionals="0" methods="2" coveredmethods="2"/>
        <file name="index.js" path="/Users/juliananderson/next.js-poc/stories/index.js">
          <metrics statements="8" coveredstatements="8" conditionals="0" coveredconditionals="0" methods="2" coveredmethods="2"/>
          <line num="17" count="1" type="stmt"/>
          <line num="18" count="1" type="stmt"/>
          <line num="19" count="1" type="stmt"/>
          <line num="20" count="1" type="stmt"/>
          <line num="21" count="1" type="stmt"/>
          <line num="24" count="1" type="stmt"/>
          <line num="25" count="1" type="stmt"/>
          <line num="29" count="1" type="stmt"/>
        </file>
      </package>
    </metrics>
  </project>
</coverage>
