{"/Users/juliananderson/next.js-poc/app/components/Header.js": {"path":"/Users/juliananderson/next.js-poc/app/components/Header.js","statementMap":{"0":{"start":{"line":3,"column":18},"end":{"line":5,"column":1}},"1":{"start":{"line":7,"column":15},"end":{"line":18,"column":1}},"2":{"start":{"line":8,"column":2},"end":{"line":17,"column":8}}},"fnMap":{"0":{"name":"(anonymous_0)","decl":{"start":{"line":7,"column":15},"end":{"line":7,"column":16}},"loc":{"start":{"line":8,"column":2},"end":{"line":17,"column":8}},"line":8}},"branchMap":{},"s":{"0":3,"1":3,"2":4},"f":{"0":4},"b":{},"_coverageSchema":"332fd63041d2c1bcb487cc26dd0d5f7d97098a6c","hash":"2e81911812495c6631efe65dab70e7e1e6173a8c"}
,"/Users/juliananderson/next.js-poc/app/components/Layout.js": {"path":"/Users/juliananderson/next.js-poc/app/components/Layout.js","statementMap":{"0":{"start":{"line":3,"column":20},"end":{"line":7,"column":1}},"1":{"start":{"line":9,"column":15},"end":{"line":14,"column":1}},"2":{"start":{"line":10,"column":2},"end":{"line":13,"column":8}}},"fnMap":{"0":{"name":"(anonymous_0)","decl":{"start":{"line":9,"column":15},"end":{"line":9,"column":16}},"loc":{"start":{"line":10,"column":2},"end":{"line":13,"column":8}},"line":10}},"branchMap":{},"s":{"0":2,"1":2,"2":1},"f":{"0":1},"b":{},"_coverageSchema":"332fd63041d2c1bcb487cc26dd0d5f7d97098a6c","hash":"bab544ea7d6e072ffb9da3ab720fd097d57a85ab"}
,"/Users/juliananderson/next.js-poc/app/components/PostLink.js": {"path":"/Users/juliananderson/next.js-poc/app/components/PostLink.js","statementMap":{"0":{"start":{"line":3,"column":17},"end":{"line":25,"column":1}},"1":{"start":{"line":4,"column":2},"end":{"line":24,"column":7}}},"fnMap":{"0":{"name":"(anonymous_0)","decl":{"start":{"line":3,"column":17},"end":{"line":3,"column":18}},"loc":{"start":{"line":4,"column":2},"end":{"line":24,"column":7}},"line":4}},"branchMap":{},"s":{"0":2,"1":2},"f":{"0":2},"b":{},"_coverageSchema":"332fd63041d2c1bcb487cc26dd0d5f7d97098a6c","hash":"b2867bcae20f83503248ad5fc0ac95b3b8c9bff4"}
,"/Users/juliananderson/next.js-poc/app/remote-apis/movie.js": {"path":"/Users/juliananderson/next.js-poc/app/remote-apis/movie.js","statementMap":{"0":{"start":{"line":4,"column":14},"end":{"line":4,"column":75}},"1":{"start":{"line":5,"column":2},"end":{"line":5,"column":19}},"2":{"start":{"line":9,"column":14},"end":{"line":9,"column":63}},"3":{"start":{"line":10,"column":2},"end":{"line":10,"column":19}}},"fnMap":{"0":{"name":"getMovies","decl":{"start":{"line":3,"column":22},"end":{"line":3,"column":31}},"loc":{"start":{"line":3,"column":39},"end":{"line":6,"column":1}},"line":3},"1":{"name":"getMovieById","decl":{"start":{"line":8,"column":22},"end":{"line":8,"column":34}},"loc":{"start":{"line":8,"column":39},"end":{"line":11,"column":1}},"line":8}},"branchMap":{},"s":{"0":0,"1":0,"2":0,"3":0},"f":{"0":0,"1":0},"b":{},"_coverageSchema":"332fd63041d2c1bcb487cc26dd0d5f7d97098a6c","hash":"52797bd1ff23cd6863ffa7e0c0f6a7767e5a3566"}
,"/Users/juliananderson/next.js-poc/pages/index.js": {"path":"/Users/juliananderson/next.js-poc/pages/index.js","statementMap":{"0":{"start":{"line":5,"column":14},"end":{"line":14,"column":1}},"1":{"start":{"line":6,"column":2},"end":{"line":13,"column":11}},"2":{"start":{"line":10,"column":8},"end":{"line":10,"column":46}},"3":{"start":{"line":16,"column":0},"end":{"line":19,"column":1}},"4":{"start":{"line":17,"column":16},"end":{"line":17,"column":41}},"5":{"start":{"line":18,"column":2},"end":{"line":18,"column":18}}},"fnMap":{"0":{"name":"(anonymous_0)","decl":{"start":{"line":5,"column":14},"end":{"line":5,"column":15}},"loc":{"start":{"line":6,"column":2},"end":{"line":13,"column":11}},"line":6},"1":{"name":"(anonymous_1)","decl":{"start":{"line":9,"column":38},"end":{"line":9,"column":39}},"loc":{"start":{"line":10,"column":8},"end":{"line":10,"column":46}},"line":10},"2":{"name":"(anonymous_2)","decl":{"start":{"line":16,"column":24},"end":{"line":16,"column":25}},"loc":{"start":{"line":16,"column":36},"end":{"line":19,"column":1}},"line":16}},"branchMap":{"0":{"loc":{"start":{"line":9,"column":7},"end":{"line":11,"column":8}},"type":"binary-expr","locations":[{"start":{"line":9,"column":7},"end":{"line":9,"column":18}},{"start":{"line":9,"column":22},"end":{"line":11,"column":8}}],"line":9}},"s":{"0":2,"1":3,"2":6,"3":2,"4":0,"5":0},"f":{"0":3,"1":6,"2":0},"b":{"0":[3,3]},"_coverageSchema":"332fd63041d2c1bcb487cc26dd0d5f7d97098a6c","hash":"1f808d14a95e21d08bbabac6fc6ac55be94873b9"}
,"/Users/juliananderson/next.js-poc/stories/index.js": {"path":"/Users/juliananderson/next.js-poc/stories/index.js","statementMap":{"0":{"start":{"line":17,"column":16},"end":{"line":17,"column":43}},"1":{"start":{"line":18,"column":0},"end":{"line":18,"column":31}},"2":{"start":{"line":19,"column":0},"end":{"line":23,"column":1}},"3":{"start":{"line":20,"column":18},"end":{"line":20,"column":40}},"4":{"start":{"line":21,"column":4},"end":{"line":21,"column":37}},"5":{"start":{"line":24,"column":0},"end":{"line":31,"column":1}},"6":{"start":{"line":25,"column":18},"end":{"line":28,"column":5}},"7":{"start":{"line":29,"column":4},"end":{"line":29,"column":53}}},"fnMap":{"0":{"name":"(anonymous_0)","decl":{"start":{"line":19,"column":22},"end":{"line":19,"column":23}},"loc":{"start":{"line":19,"column":28},"end":{"line":22,"column":3}},"line":19},"1":{"name":"(anonymous_1)","decl":{"start":{"line":24,"column":21},"end":{"line":24,"column":22}},"loc":{"start":{"line":24,"column":27},"end":{"line":30,"column":3}},"line":24}},"branchMap":{},"s":{"0":1,"1":1,"2":1,"3":1,"4":1,"5":1,"6":1,"7":1},"f":{"0":1,"1":1},"b":{},"_coverageSchema":"332fd63041d2c1bcb487cc26dd0d5f7d97098a6c","hash":"e9e4b2e0144ee3ae49153f48c61d3487d841bcb9"}
}
