TN:
SF:/Users/juliananderson/next.js-poc/app/components/Header.js
FN:7,(anonymous_0)
FNF:1
FNH:1
FNDA:4,(anonymous_0)
DA:3,3
DA:7,3
DA:8,4
LF:3
LH:3
BRF:0
BRH:0
end_of_record
TN:
SF:/Users/juliananderson/next.js-poc/app/components/Layout.js
FN:9,(anonymous_0)
FNF:1
FNH:1
FNDA:1,(anonymous_0)
DA:3,2
DA:9,2
DA:10,1
LF:3
LH:3
BRF:0
BRH:0
end_of_record
TN:
SF:/Users/juliananderson/next.js-poc/app/components/PostLink.js
FN:3,(anonymous_0)
FNF:1
FNH:1
FNDA:2,(anonymous_0)
DA:3,2
DA:4,2
LF:2
LH:2
BRF:0
BRH:0
end_of_record
TN:
SF:/Users/juliananderson/next.js-poc/app/remote-apis/movie.js
FN:3,getMovies
FN:8,getMovieById
FNF:2
FNH:0
FNDA:0,getMovies
FNDA:0,getMovieById
DA:4,0
DA:5,0
DA:9,0
DA:10,0
LF:4
LH:0
BRF:0
BRH:0
end_of_record
TN:
SF:/Users/juliananderson/next.js-poc/pages/index.js
FN:5,(anonymous_0)
FN:9,(anonymous_1)
FN:16,(anonymous_2)
FNF:3
FNH:2
FNDA:3,(anonymous_0)
FNDA:6,(anonymous_1)
FNDA:0,(anonymous_2)
DA:5,2
DA:6,3
DA:10,6
DA:16,2
DA:17,0
DA:18,0
LF:6
LH:4
BRDA:9,0,0,3
BRDA:9,0,1,3
BRF:2
BRH:2
end_of_record
TN:
SF:/Users/juliananderson/next.js-poc/stories/index.js
FN:19,(anonymous_0)
FN:24,(anonymous_1)
FNF:2
FNH:2
FNDA:1,(anonymous_0)
FNDA:1,(anonymous_1)
DA:17,1
DA:18,1
DA:19,1
DA:20,1
DA:21,1
DA:24,1
DA:25,1
DA:29,1
LF:8
LH:8
BRF:0
BRH:0
end_of_record
